  matrixReff.cpp
c:\users\mathi\documents\github\matrixcalculation\vectorengine\vectorengine\matrixreff.cpp(83): warning C4018: '<': signed/unsigned mismatch
c:\users\mathi\documents\github\matrixcalculation\vectorengine\vectorengine\matrixreff.cpp(85): warning C4018: '<': signed/unsigned mismatch
c:\users\mathi\documents\github\matrixcalculation\vectorengine\vectorengine\matrixreff.cpp(88): warning C4018: '<': signed/unsigned mismatch
c:\users\mathi\documents\github\matrixcalculation\vectorengine\vectorengine\matrixreff.cpp(91): warning C4018: '<': signed/unsigned mismatch
c:\users\mathi\documents\github\matrixcalculation\vectorengine\vectorengine\matrixreff.cpp(94): warning C4018: '<': signed/unsigned mismatch
c:\users\mathi\documents\github\matrixcalculation\vectorengine\vectorengine\matrixreff.cpp(97): warning C4018: '<': signed/unsigned mismatch
c:\users\mathi\documents\github\matrixcalculation\vectorengine\vectorengine\matrixreff.cpp(113): warning C4244: 'initializing': conversion from 'double' to 'int', possible loss of data
c:\users\mathi\documents\github\matrixcalculation\vectorengine\vectorengine\matrixreff.cpp(116): warning C4018: '<': signed/unsigned mismatch
c:\users\mathi\documents\github\matrixcalculation\vectorengine\vectorengine\matrixreff.cpp(118): warning C4018: '<': signed/unsigned mismatch
c:\users\mathi\documents\github\matrixcalculation\vectorengine\vectorengine\matrixreff.cpp(146): warning C4018: '<': signed/unsigned mismatch
c:\users\mathi\documents\github\matrixcalculation\vectorengine\vectorengine\matrixreff.cpp(148): warning C4018: '<': signed/unsigned mismatch
c:\users\mathi\documents\github\matrixcalculation\vectorengine\vectorengine\matrixreff.cpp(155): warning C4018: '<': signed/unsigned mismatch
c:\users\mathi\documents\github\matrixcalculation\vectorengine\vectorengine\matrixreff.cpp(157): warning C4018: '<': signed/unsigned mismatch
c:\users\mathi\documents\github\matrixcalculation\vectorengine\vectorengine\matrixreff.cpp(183): warning C4018: '<': signed/unsigned mismatch
c:\users\mathi\documents\github\matrixcalculation\vectorengine\vectorengine\matrixreff.cpp(185): warning C4018: '<': signed/unsigned mismatch
c:\users\mathi\documents\github\matrixcalculation\vectorengine\vectorengine\matrixreff.cpp(196): warning C4018: '<': signed/unsigned mismatch
c:\users\mathi\documents\github\matrixcalculation\vectorengine\vectorengine\matrixreff.cpp(198): warning C4018: '<': signed/unsigned mismatch
c:\users\mathi\documents\github\matrixcalculation\vectorengine\vectorengine\matrixreff.cpp(220): warning C4018: '<': signed/unsigned mismatch
c:\users\mathi\documents\github\matrixcalculation\vectorengine\vectorengine\matrixreff.cpp(245): warning C4018: '<': signed/unsigned mismatch
c:\users\mathi\documents\github\matrixcalculation\vectorengine\vectorengine\matrixreff.cpp(257): warning C4018: '<': signed/unsigned mismatch
c:\users\mathi\documents\github\matrixcalculation\vectorengine\vectorengine\matrixreff.cpp(262): warning C4018: '<': signed/unsigned mismatch
c:\users\mathi\documents\github\matrixcalculation\vectorengine\vectorengine\matrixreff.cpp(274): warning C4018: '<': signed/unsigned mismatch
c:\users\mathi\documents\github\matrixcalculation\vectorengine\vectorengine\matrixreff.cpp(282): warning C4018: '<': signed/unsigned mismatch
c:\users\mathi\documents\github\matrixcalculation\vectorengine\vectorengine\matrixreff.cpp(284): warning C4018: '<': signed/unsigned mismatch
c:\users\mathi\documents\github\matrixcalculation\vectorengine\vectorengine\matrixreff.cpp(293): warning C4018: '<': signed/unsigned mismatch
c:\users\mathi\documents\github\matrixcalculation\vectorengine\vectorengine\matrixreff.cpp(305): warning C4018: '<': signed/unsigned mismatch
c:\users\mathi\documents\github\matrixcalculation\vectorengine\vectorengine\matrixreff.cpp(307): warning C4018: '<': signed/unsigned mismatch
c:\users\mathi\documents\github\matrixcalculation\vectorengine\vectorengine\matrixreff.cpp(348): warning C4018: '<': signed/unsigned mismatch
c:\users\mathi\documents\github\matrixcalculation\vectorengine\vectorengine\matrixreff.cpp(350): warning C4018: '<': signed/unsigned mismatch
c:\users\mathi\documents\github\matrixcalculation\vectorengine\vectorengine\matrixreff.cpp(356): warning C4018: '<': signed/unsigned mismatch
c:\users\mathi\documents\github\matrixcalculation\vectorengine\vectorengine\matrixreff.cpp(358): warning C4018: '<': signed/unsigned mismatch
c:\users\mathi\documents\github\matrixcalculation\vectorengine\vectorengine\matrixreff.cpp(394): warning C4018: '<': signed/unsigned mismatch
c:\users\mathi\documents\github\matrixcalculation\vectorengine\vectorengine\matrixreff.cpp(441): warning C4018: '<': signed/unsigned mismatch
c:\users\mathi\documents\github\matrixcalculation\vectorengine\vectorengine\matrixreff.cpp(443): warning C4018: '<': signed/unsigned mismatch
c:\users\mathi\documents\github\matrixcalculation\vectorengine\vectorengine\matrixreff.cpp(457): warning C4018: '<': signed/unsigned mismatch
c:\users\mathi\documents\github\matrixcalculation\vectorengine\vectorengine\matrixreff.cpp(466): warning C4018: '<': signed/unsigned mismatch
c:\users\mathi\documents\github\matrixcalculation\vectorengine\vectorengine\matrixreff.cpp(468): warning C4018: '<': signed/unsigned mismatch
c:\users\mathi\documents\github\matrixcalculation\vectorengine\vectorengine\matrixreff.cpp(486): warning C4018: '<': signed/unsigned mismatch
c:\users\mathi\documents\github\matrixcalculation\vectorengine\vectorengine\matrixreff.cpp(497): warning C4018: '<': signed/unsigned mismatch
c:\users\mathi\documents\github\matrixcalculation\vectorengine\vectorengine\matrixreff.cpp(516): warning C4018: '<': signed/unsigned mismatch
c:\users\mathi\documents\github\matrixcalculation\vectorengine\vectorengine\matrixreff.cpp(518): warning C4018: '<': signed/unsigned mismatch
c:\users\mathi\documents\github\matrixcalculation\vectorengine\vectorengine\matrixreff.cpp(525): warning C4018: '<': signed/unsigned mismatch
c:\users\mathi\documents\github\matrixcalculation\vectorengine\vectorengine\matrixreff.cpp(527): warning C4018: '<': signed/unsigned mismatch
c:\users\mathi\documents\github\matrixcalculation\vectorengine\vectorengine\matrixreff.cpp(543): warning C4018: '<': signed/unsigned mismatch
c:\users\mathi\documents\github\matrixcalculation\vectorengine\vectorengine\matrixreff.cpp(557): warning C4018: '<': signed/unsigned mismatch
c:\users\mathi\documents\github\matrixcalculation\vectorengine\vectorengine\matrixreff.cpp(564): warning C4018: '<': signed/unsigned mismatch
c:\users\mathi\documents\github\matrixcalculation\vectorengine\vectorengine\matrixreff.cpp(577): warning C4018: '<': signed/unsigned mismatch
c:\users\mathi\documents\github\matrixcalculation\vectorengine\vectorengine\matrixreff.cpp(581): warning C4018: '<': signed/unsigned mismatch
c:\users\mathi\documents\github\matrixcalculation\vectorengine\vectorengine\matrixreff.cpp(594): warning C4018: '<': signed/unsigned mismatch
c:\users\mathi\documents\github\matrixcalculation\vectorengine\vectorengine\matrixreff.cpp(598): warning C4018: '<': signed/unsigned mismatch
c:\users\mathi\documents\github\matrixcalculation\vectorengine\vectorengine\matrixreff.cpp(643): warning C4018: '<': signed/unsigned mismatch
c:\users\mathi\documents\github\matrixcalculation\vectorengine\vectorengine\matrixreff.cpp(647): warning C4018: '<': signed/unsigned mismatch
c:\users\mathi\documents\github\matrixcalculation\vectorengine\vectorengine\matrixreff.cpp(664): warning C4018: '<': signed/unsigned mismatch
c:\users\mathi\documents\github\matrixcalculation\vectorengine\vectorengine\matrixreff.cpp(666): warning C4018: '<': signed/unsigned mismatch
c:\users\mathi\documents\github\matrixcalculation\vectorengine\vectorengine\matrixreff.cpp(683): warning C4018: '<': signed/unsigned mismatch
c:\users\mathi\documents\github\matrixcalculation\vectorengine\vectorengine\matrixreff.cpp(708): warning C4018: '<': signed/unsigned mismatch
c:\users\mathi\documents\github\matrixcalculation\vectorengine\vectorengine\matrixreff.cpp(712): warning C4018: '<': signed/unsigned mismatch
c:\users\mathi\documents\github\matrixcalculation\vectorengine\vectorengine\matrixreff.cpp(730): warning C4018: '<': signed/unsigned mismatch
c:\users\mathi\documents\github\matrixcalculation\vectorengine\vectorengine\matrixreff.cpp(746): warning C4018: '<': signed/unsigned mismatch
c:\users\mathi\documents\github\matrixcalculation\vectorengine\vectorengine\matrixreff.cpp(752): warning C4018: '<': signed/unsigned mismatch
c:\users\mathi\documents\github\matrixcalculation\vectorengine\vectorengine\matrixreff.cpp(767): warning C4018: '<': signed/unsigned mismatch
c:\users\mathi\documents\github\matrixcalculation\vectorengine\vectorengine\matrixreff.cpp(771): warning C4018: '<': signed/unsigned mismatch
c:\users\mathi\documents\github\matrixcalculation\vectorengine\vectorengine\matrixreff.cpp(786): warning C4018: '<': signed/unsigned mismatch
c:\users\mathi\documents\github\matrixcalculation\vectorengine\vectorengine\matrixreff.cpp(788): warning C4018: '<': signed/unsigned mismatch
  VectorEngine.vcxproj -> C:\Users\mathi\Documents\GitHub\MatrixCalculation\VectorEngine\Debug\VectorEngine.exe
  VectorEngine.vcxproj -> C:\Users\mathi\Documents\GitHub\MatrixCalculation\VectorEngine\Debug\VectorEngine.pdb (Full PDB)
